<?xml version="1.0" encoding="UTF-8"?>
<testsuite xmlns:xsi="http://www.w3.org/2001/XMLSchema-instance" xsi:noNamespaceSchemaLocation="https://maven.apache.org/surefire/maven-surefire-plugin/xsd/surefire-test-report-3.0.xsd" version="3.0" name="com.qzsf.plantfactory.PlantfactoryspringApplicationTests" time="5.886" tests="1" errors="0" skipped="0" failures="0">
  <properties>
[...]
</properties>
  <testcase name="contextLoads" classname="com.qzsf.plantfactory.PlantfactoryspringApplicationTests" time="0.401">
    <system-out><![CDATA[
  .   ____          _            __ _ _
 /\\ / ___'_ __ _ _(_)_ __  __ _ \ \ \ \
( ( )\___ | '_ | '_| | '_ \/ _` | \ \ \ \
 \\/  ___)| |_)| | | | | || (_| |  ) ) ) )
  '  |____| .__|_| |_|_| |_\__, | / / / /
 =========|_|==============|___/=/_/_/_/
 :: Spring Boot ::                (v3.1.5)

2025-11-28T11:41:25.228+08:00  INFO 6336 --- [           main] c.q.p.PlantfactoryspringApplicationTests : Starting PlantfactoryspringApplicationTests using Java 19.0.2 with PID 6336 (started by WangStar in D:\VirtualCDrive\1\1212\毕业设计相关\植物工厂管理系统\plantfactory\plantfactoryspring)
2025-11-28T11:41:25.229+08:00  INFO 6336 --- [           main] c.q.p.PlantfactoryspringApplicationTests : The following 1 profile is active: "test"
2025-11-28T11:41:26.123+08:00  INFO 6336 --- [           main] .s.d.r.c.RepositoryConfigurationDelegate : Multiple Spring Data modules found, entering strict repository configuration mode
2025-11-28T11:41:26.124+08:00  INFO 6336 --- [           main] .s.d.r.c.RepositoryConfigurationDelegate : Bootstrapping Spring Data JPA repositories in DEFAULT mode.
2025-11-28T11:41:26.261+08:00  INFO 6336 --- [           main] .s.d.r.c.RepositoryConfigurationDelegate : Finished Spring Data repository scanning in 131 ms. Found 5 JPA repository interfaces.
2025-11-28T11:41:26.270+08:00  INFO 6336 --- [           main] .s.d.r.c.RepositoryConfigurationDelegate : Multiple Spring Data modules found, entering strict repository configuration mode
2025-11-28T11:41:26.271+08:00  INFO 6336 --- [           main] .s.d.r.c.RepositoryConfigurationDelegate : Bootstrapping Spring Data Redis repositories in DEFAULT mode.
2025-11-28T11:41:26.287+08:00  INFO 6336 --- [           main] .RepositoryConfigurationExtensionSupport : Spring Data Redis - Could not safely identify store assignment for repository candidate interface com.qzsf.plantfactoryspring.repository.EnvironmentDataRepository; If you want this repository to be a Redis repository, consider annotating your entities with one of these annotations: org.springframework.data.redis.core.RedisHash (preferred), or consider extending one of the following types with your repository: org.springframework.data.keyvalue.repository.KeyValueRepository
2025-11-28T11:41:26.288+08:00  INFO 6336 --- [           main] .RepositoryConfigurationExtensionSupport : Spring Data Redis - Could not safely identify store assignment for repository candidate interface com.qzsf.plantfactoryspring.repository.EnvironmentRepository; If you want this repository to be a Redis repository, consider annotating your entities with one of these annotations: org.springframework.data.redis.core.RedisHash (preferred), or consider extending one of the following types with your repository: org.springframework.data.keyvalue.repository.KeyValueRepository
2025-11-28T11:41:26.288+08:00  INFO 6336 --- [           main] .RepositoryConfigurationExtensionSupport : Spring Data Redis - Could not safely identify store assignment for repository candidate interface com.qzsf.plantfactoryspring.repository.PermissionRepository; If you want this repository to be a Redis repository, consider annotating your entities with one of these annotations: org.springframework.data.redis.core.RedisHash (preferred), or consider extending one of the following types with your repository: org.springframework.data.keyvalue.repository.KeyValueRepository
2025-11-28T11:41:26.289+08:00  INFO 6336 --- [           main] .RepositoryConfigurationExtensionSupport : Spring Data Redis - Could not safely identify store assignment for repository candidate interface com.qzsf.plantfactoryspring.repository.RoleRepository; If you want this repository to be a Redis repository, consider annotating your entities with one of these annotations: org.springframework.data.redis.core.RedisHash (preferred), or consider extending one of the following types with your repository: org.springframework.data.keyvalue.repository.KeyValueRepository
2025-11-28T11:41:26.289+08:00  INFO 6336 --- [           main] .RepositoryConfigurationExtensionSupport : Spring Data Redis - Could not safely identify store assignment for repository candidate interface com.qzsf.plantfactoryspring.repository.UserRepository; If you want this repository to be a Redis repository, consider annotating your entities with one of these annotations: org.springframework.data.redis.core.RedisHash (preferred), or consider extending one of the following types with your repository: org.springframework.data.keyvalue.repository.KeyValueRepository
2025-11-28T11:41:26.289+08:00  INFO 6336 --- [           main] .s.d.r.c.RepositoryConfigurationDelegate : Finished Spring Data repository scanning in 9 ms. Found 0 Redis repository interfaces.
2025-11-28T11:41:26.747+08:00  INFO 6336 --- [           main] o.hibernate.jpa.internal.util.LogHelper  : HHH000204: Processing PersistenceUnitInfo [name: default]
2025-11-28T11:41:26.811+08:00  INFO 6336 --- [           main] org.hibernate.Version                    : HHH000412: Hibernate ORM core version 6.2.13.Final
2025-11-28T11:41:26.815+08:00  INFO 6336 --- [           main] org.hibernate.cfg.Environment            : HHH000406: Using bytecode reflection optimizer
2025-11-28T11:41:27.052+08:00  INFO 6336 --- [           main] o.s.o.j.p.SpringPersistenceUnitInfo      : No LoadTimeWeaver setup: ignoring JPA class transformer
2025-11-28T11:41:27.071+08:00  INFO 6336 --- [           main] com.zaxxer.hikari.HikariDataSource       : HikariPool-1 - Starting...
2025-11-28T11:41:27.197+08:00  INFO 6336 --- [           main] com.zaxxer.hikari.pool.HikariPool        : HikariPool-1 - Added connection com.mysql.cj.jdbc.ConnectionImpl@65ff4b8c
2025-11-28T11:41:27.198+08:00  INFO 6336 --- [           main] com.zaxxer.hikari.HikariDataSource       : HikariPool-1 - Start completed.
2025-11-28T11:41:27.224+08:00  WARN 6336 --- [           main] org.hibernate.orm.deprecation            : HHH90000025: MySQL8Dialect does not need to be specified explicitly using 'hibernate.dialect' (remove the property setting and it will be selected by default)
2025-11-28T11:41:27.225+08:00  WARN 6336 --- [           main] org.hibernate.orm.deprecation            : HHH90000026: MySQL8Dialect has been deprecated; use org.hibernate.dialect.MySQLDialect instead
2025-11-28T11:41:27.963+08:00  INFO 6336 --- [           main] o.h.e.t.j.p.i.JtaPlatformInitiator       : HHH000489: No JTA platform available (set 'hibernate.transaction.jta.platform' to enable JTA platform integration)
2025-11-28T11:41:28.029+08:00  INFO 6336 --- [           main] j.LocalContainerEntityManagerFactoryBean : Initialized JPA EntityManagerFactory for persistence unit 'default'
2025-11-28T11:41:28.248+08:00  INFO 6336 --- [           main] o.s.d.j.r.query.QueryEnhancerFactory     : Hibernate is in classpath; If applicable, HQL parser will be used.
2025-11-28T11:41:28.941+08:00  INFO 6336 --- [           main] c.q.p.s.PartitionManagementService       : 初始化数据库分区管理
2025-11-28T11:41:28.942+08:00  INFO 6336 --- [           main] c.q.p.s.PartitionManagementService       : 分区管理已暂时禁用，系统将正常启动但不使用分区功能
2025-11-28T11:41:28.942+08:00  INFO 6336 --- [           main] c.q.p.s.PartitionManagementService       : 数据库分区管理初始化完成（已禁用）
2025-11-28T11:41:29.149+08:00  WARN 6336 --- [           main] JpaBaseConfiguration$JpaWebConfiguration : spring.jpa.open-in-view is enabled by default. Therefore, database queries may be performed during view rendering. Explicitly configure spring.jpa.open-in-view to disable this warning
2025-11-28T11:41:29.271+08:00  INFO 6336 --- [           main] o.s.s.web.DefaultSecurityFilterChain     : Will secure any request with [org.springframework.security.web.session.DisableEncodeUrlFilter@4e1210de, org.springframework.security.web.context.request.async.WebAsyncManagerIntegrationFilter@7beb4178, org.springframework.security.web.context.SecurityContextHolderFilter@2d23561e, org.springframework.security.web.header.HeaderWriterFilter@4284bd5, org.springframework.web.filter.CorsFilter@5f0469e2, org.springframework.security.web.authentication.logout.LogoutFilter@5f9f5487, com.qzsf.plantfactoryspring.security.JwtAuthenticationFilter@64ce7e6f, org.springframework.security.web.savedrequest.RequestCacheAwareFilter@74bc67d7, org.springframework.security.web.servletapi.SecurityContextHolderAwareRequestFilter@40f923da, org.springframework.security.web.authentication.AnonymousAuthenticationFilter@7e7047a2, org.springframework.security.web.session.SessionManagementFilter@285e483f, org.springframework.security.web.access.ExceptionTranslationFilter@259ec563, org.springframework.security.web.access.intercept.AuthorizationFilter@4d6f0460]
2025-11-28T11:41:30.135+08:00  INFO 6336 --- [           main] o.s.b.a.e.web.EndpointLinksResolver      : Exposing 3 endpoint(s) beneath base path '/actuator'
2025-11-28T11:41:30.175+08:00  INFO 6336 --- [           main] o.s.m.s.b.SimpleBrokerMessageHandler     : Starting...
2025-11-28T11:41:30.175+08:00  INFO 6336 --- [           main] o.s.m.s.b.SimpleBrokerMessageHandler     : BrokerAvailabilityEvent[available=true, SimpleBrokerMessageHandler [org.springframework.messaging.simp.broker.DefaultSubscriptionRegistry@9993258]]
2025-11-28T11:41:30.176+08:00  INFO 6336 --- [           main] o.s.m.s.b.SimpleBrokerMessageHandler     : Started.
2025-11-28T11:41:30.183+08:00  INFO 6336 --- [           main] c.q.p.PlantfactoryspringApplicationTests : Started PlantfactoryspringApplicationTests in 5.192 seconds (process running for 5.799)
]]></system-out>
  </testcase>
</testsuite>